Determining if the pthread_create exist failed with the following output:
Change Dir: /home/hung/Documents/Practice-build-libtorch/#1-libtorch/build/CMakeFiles/CMakeTmp

Run Build Command:"/usr/bin/make" "cmTC_a06dc/fast"
/usr/bin/make -f CMakeFiles/cmTC_a06dc.dir/build.make CMakeFiles/cmTC_a06dc.dir/build
make[1]: Entering directory '/home/hung/Documents/Practice-build-libtorch/#1-libtorch/build/CMakeFiles/CMakeTmp'
Building C object CMakeFiles/cmTC_a06dc.dir/CheckSymbolExists.c.o
/usr/bin/cc    -o CMakeFiles/cmTC_a06dc.dir/CheckSymbolExists.c.o   -c "/home/hung/Documents/Practice-build-libtorch/#1-libtorch/build/CMakeFiles/CMakeTmp/CheckSymbolExists.c"
Linking C executable cmTC_a06dc
/usr/bin/cmake -E cmake_link_script CMakeFiles/cmTC_a06dc.dir/link.txt --verbose=1
/usr/bin/cc      -rdynamic CMakeFiles/cmTC_a06dc.dir/CheckSymbolExists.c.o  -o cmTC_a06dc 
CMakeFiles/cmTC_a06dc.dir/CheckSymbolExists.c.o: In function `main':
CheckSymbolExists.c:(.text+0x1b): undefined reference to `pthread_create'
collect2: error: ld returned 1 exit status
CMakeFiles/cmTC_a06dc.dir/build.make:97: recipe for target 'cmTC_a06dc' failed
make[1]: *** [cmTC_a06dc] Error 1
make[1]: Leaving directory '/home/hung/Documents/Practice-build-libtorch/#1-libtorch/build/CMakeFiles/CMakeTmp'
Makefile:126: recipe for target 'cmTC_a06dc/fast' failed
make: *** [cmTC_a06dc/fast] Error 2

File /home/hung/Documents/Practice-build-libtorch/#1-libtorch/build/CMakeFiles/CMakeTmp/CheckSymbolExists.c:
/* */
#include <pthread.h>

int main(int argc, char** argv)
{
  (void)argv;
#ifndef pthread_create
  return ((int*)(&pthread_create))[argc];
#else
  (void)argc;
  return 0;
#endif
}

Determining if the function pthread_create exists in the pthreads failed with the following output:
Change Dir: /home/hung/Documents/Practice-build-libtorch/#1-libtorch/build/CMakeFiles/CMakeTmp

Run Build Command:"/usr/bin/make" "cmTC_53aac/fast"
/usr/bin/make -f CMakeFiles/cmTC_53aac.dir/build.make CMakeFiles/cmTC_53aac.dir/build
make[1]: Entering directory '/home/hung/Documents/Practice-build-libtorch/#1-libtorch/build/CMakeFiles/CMakeTmp'
Building C object CMakeFiles/cmTC_53aac.dir/CheckFunctionExists.c.o
/usr/bin/cc   -DCHECK_FUNCTION_EXISTS=pthread_create   -o CMakeFiles/cmTC_53aac.dir/CheckFunctionExists.c.o   -c /usr/share/cmake-3.10/Modules/CheckFunctionExists.c
Linking C executable cmTC_53aac
/usr/bin/cmake -E cmake_link_script CMakeFiles/cmTC_53aac.dir/link.txt --verbose=1
/usr/bin/cc  -DCHECK_FUNCTION_EXISTS=pthread_create    -rdynamic CMakeFiles/cmTC_53aac.dir/CheckFunctionExists.c.o  -o cmTC_53aac -lpthreads 
/usr/bin/ld: cannot find -lpthreads
collect2: error: ld returned 1 exit status
CMakeFiles/cmTC_53aac.dir/build.make:97: recipe for target 'cmTC_53aac' failed
make[1]: *** [cmTC_53aac] Error 1
make[1]: Leaving directory '/home/hung/Documents/Practice-build-libtorch/#1-libtorch/build/CMakeFiles/CMakeTmp'
Makefile:126: recipe for target 'cmTC_53aac/fast' failed
make: *** [cmTC_53aac/fast] Error 2


