Determining if the pthread_create exist failed with the following output:
Change Dir: /home/hung/Documents/Practice-build-libtorch/#3-libtorch-with-upcxx/build/CMakeFiles/CMakeTmp

Run Build Command:"/usr/bin/make" "cmTC_95253/fast"
/usr/bin/make -f CMakeFiles/cmTC_95253.dir/build.make CMakeFiles/cmTC_95253.dir/build
make[1]: Entering directory '/home/hung/Documents/Practice-build-libtorch/#3-libtorch-with-upcxx/build/CMakeFiles/CMakeTmp'
Building C object CMakeFiles/cmTC_95253.dir/CheckSymbolExists.c.o
/usr/bin/cc    -o CMakeFiles/cmTC_95253.dir/CheckSymbolExists.c.o   -c "/home/hung/Documents/Practice-build-libtorch/#3-libtorch-with-upcxx/build/CMakeFiles/CMakeTmp/CheckSymbolExists.c"
Linking C executable cmTC_95253
/usr/bin/cmake -E cmake_link_script CMakeFiles/cmTC_95253.dir/link.txt --verbose=1
/usr/bin/cc      -rdynamic CMakeFiles/cmTC_95253.dir/CheckSymbolExists.c.o  -o cmTC_95253 
CMakeFiles/cmTC_95253.dir/CheckSymbolExists.c.o: In function `main':
CheckSymbolExists.c:(.text+0x1b): undefined reference to `pthread_create'
collect2: error: ld returned 1 exit status
CMakeFiles/cmTC_95253.dir/build.make:97: recipe for target 'cmTC_95253' failed
make[1]: *** [cmTC_95253] Error 1
make[1]: Leaving directory '/home/hung/Documents/Practice-build-libtorch/#3-libtorch-with-upcxx/build/CMakeFiles/CMakeTmp'
Makefile:126: recipe for target 'cmTC_95253/fast' failed
make: *** [cmTC_95253/fast] Error 2

File /home/hung/Documents/Practice-build-libtorch/#3-libtorch-with-upcxx/build/CMakeFiles/CMakeTmp/CheckSymbolExists.c:
/* */
#include <pthread.h>

int main(int argc, char** argv)
{
  (void)argv;
#ifndef pthread_create
  return ((int*)(&pthread_create))[argc];
#else
  (void)argc;
  return 0;
#endif
}

Determining if the function pthread_create exists in the pthreads failed with the following output:
Change Dir: /home/hung/Documents/Practice-build-libtorch/#3-libtorch-with-upcxx/build/CMakeFiles/CMakeTmp

Run Build Command:"/usr/bin/make" "cmTC_4d1ce/fast"
/usr/bin/make -f CMakeFiles/cmTC_4d1ce.dir/build.make CMakeFiles/cmTC_4d1ce.dir/build
make[1]: Entering directory '/home/hung/Documents/Practice-build-libtorch/#3-libtorch-with-upcxx/build/CMakeFiles/CMakeTmp'
Building C object CMakeFiles/cmTC_4d1ce.dir/CheckFunctionExists.c.o
/usr/bin/cc   -DCHECK_FUNCTION_EXISTS=pthread_create   -o CMakeFiles/cmTC_4d1ce.dir/CheckFunctionExists.c.o   -c /usr/share/cmake-3.10/Modules/CheckFunctionExists.c
Linking C executable cmTC_4d1ce
/usr/bin/cmake -E cmake_link_script CMakeFiles/cmTC_4d1ce.dir/link.txt --verbose=1
/usr/bin/cc  -DCHECK_FUNCTION_EXISTS=pthread_create    -rdynamic CMakeFiles/cmTC_4d1ce.dir/CheckFunctionExists.c.o  -o cmTC_4d1ce -lpthreads 
/usr/bin/ld: cannot find -lpthreads
collect2: error: ld returned 1 exit status
CMakeFiles/cmTC_4d1ce.dir/build.make:97: recipe for target 'cmTC_4d1ce' failed
make[1]: *** [cmTC_4d1ce] Error 1
make[1]: Leaving directory '/home/hung/Documents/Practice-build-libtorch/#3-libtorch-with-upcxx/build/CMakeFiles/CMakeTmp'
Makefile:126: recipe for target 'cmTC_4d1ce/fast' failed
make: *** [cmTC_4d1ce/fast] Error 2


